<?xml version="1.0" encoding="UTF-8"?>
<!-- Generated by org.testng.reporters.JUnitReportReporter -->
<testsuite hostname="LAPTOP-LEC46EMO" failures="0" tests="5" name="com.practice.DataProviderExcel" time="116.014" errors="0" timestamp="2025-03-26T05:27:52 IST" skipped="0">
  <testcase classname="com.practice.DataProviderExcel" name="search" time="27.494"/>
  <testcase classname="com.practice.DataProviderExcel" name="search" time="32.786"/>
  <testcase classname="com.practice.DataProviderExcel" name="search" time="14.081"/>
  <testcase classname="com.practice.DataProviderExcel" name="search" time="18.418"/>
  <testcase classname="com.practice.DataProviderExcel" name="search" time="23.235"/>
</testsuite> <!-- com.practice.DataProviderExcel -->
